<?xml version="1.0" encoding="UTF-8"?>
<!-- Generated by org.testng.reporters.JUnitXMLReporter -->
<testsuite hostname="RammohanN-PC" ignored="0" name="LoginpageTest" tests="4" failures="1" timestamp="2020-06-26T13:44:47 IST" time="104.227" errors="0">
  <testcase name="LoginpagetitleTest" time="0.626" classname="com.ktpl.testcases.LoginpageTest"/>
  <testcase name="CustomerloginTest" time="6.303" classname="com.ktpl.testcases.LoginpageTest">
    <failure type="java.lang.AssertionError" message="login is not sucessfull expected [Home Page] but found [My Account]">
      <![CDATA[java.lang.AssertionError: login is not sucessfull expected [Home Page] but found [My Account]
at com.ktpl.testcases.LoginpageTest.CustomerloginTest(LoginpageTest.java:56)
at java.util.ArrayList.forEach(Unknown Source)
at java.util.concurrent.FutureTask.run(Unknown Source)
at java.util.concurrent.ThreadPoolExecutor.runWorker(Unknown Source)
at java.util.concurrent.ThreadPoolExecutor$Worker.run(Unknown Source)
at java.lang.Thread.run(Unknown Source)
... Removed 22 stack frames]]>
    </failure>
  </testcase> <!-- CustomerloginTest -->
  <testcase name="forgotpasswordlinkTest" time="5.374" classname="com.ktpl.testcases.LoginpageTest"/>
  <testcase name="CreateaccountlinkTest" time="2.514" classname="com.ktpl.testcases.LoginpageTest"/>
</testsuite> <!-- LoginpageTest -->
