<?xml version="1.0" encoding="UTF-8"?>
<testng-results skipped="0" failed="1" ignored="0" total="6" passed="5">
  <reporter-output>
  </reporter-output>
  <suite name="IDSTestsuite" duration-ms="128139" started-at="2020-06-26T13:43:02 IST" finished-at="2020-06-26T13:45:10 IST">
    <groups>
    </groups>
    <test name="LoginpageTest" duration-ms="104227" started-at="2020-06-26T13:43:02 IST" finished-at="2020-06-26T13:44:47 IST">
      <class name="com.ktpl.testcases.LoginpageTest">
        <test-method status="PASS" signature="initiateextentreports()[pri:0, instance:com.ktpl.testcases.LoginpageTest@30b8a058]" name="initiateextentreports" is-config="true" duration-ms="223" started-at="2020-06-26T13:43:02 IST" finished-at="2020-06-26T13:43:03 IST">
          <reporter-output>
          </reporter-output>
        </test-method> <!-- initiateextentreports -->
        <test-method status="PASS" signature="initiate()[pri:0, instance:com.ktpl.testcases.LoginpageTest@30b8a058]" name="initiate" is-config="true" duration-ms="23612" started-at="2020-06-26T13:43:03 IST" finished-at="2020-06-26T13:43:26 IST">
          <reporter-output>
          </reporter-output>
        </test-method> <!-- initiate -->
        <test-method status="PASS" signature="LoginpagetitleTest()[pri:1, instance:com.ktpl.testcases.LoginpageTest@30b8a058]" name="LoginpagetitleTest" duration-ms="626" started-at="2020-06-26T13:43:26 IST" finished-at="2020-06-26T13:43:27 IST">
          <reporter-output>
          </reporter-output>
        </test-method> <!-- LoginpagetitleTest -->
        <test-method status="PASS" signature="extentteardown(org.testng.ITestResult)[pri:0, instance:com.ktpl.testcases.LoginpageTest@30b8a058]" name="extentteardown" is-config="true" duration-ms="1813" started-at="2020-06-26T13:43:27 IST" finished-at="2020-06-26T13:43:29 IST">
          <params>
            <param index="0">
              <value>
                <![CDATA[[TestResult name=LoginpagetitleTest status=SUCCESS method=LoginpageTest.LoginpagetitleTest()[pri:1, instance:com.ktpl.testcases.LoginpageTest@30b8a058] output={null}]]]>
              </value>
            </param>
          </params>
          <reporter-output>
          </reporter-output>
        </test-method> <!-- extentteardown -->
        <test-method status="PASS" signature="initiate()[pri:0, instance:com.ktpl.testcases.LoginpageTest@30b8a058]" name="initiate" is-config="true" duration-ms="20335" started-at="2020-06-26T13:43:29 IST" finished-at="2020-06-26T13:43:49 IST">
          <reporter-output>
          </reporter-output>
        </test-method> <!-- initiate -->
        <test-method status="FAIL" signature="CustomerloginTest()[pri:2, instance:com.ktpl.testcases.LoginpageTest@30b8a058]" name="CustomerloginTest" duration-ms="6303" started-at="2020-06-26T13:43:49 IST" finished-at="2020-06-26T13:43:55 IST">
          <exception class="java.lang.AssertionError">
            <message>
              <![CDATA[login is not sucessfull expected [Home Page] but found [My Account]]]>
            </message>
            <full-stacktrace>
              <![CDATA[java.lang.AssertionError: login is not sucessfull expected [Home Page] but found [My Account]
at org.testng.Assert.fail(Assert.java:97)
at org.testng.Assert.assertEqualsImpl(Assert.java:136)
at org.testng.Assert.assertEquals(Assert.java:118)
at org.testng.Assert.assertEquals(Assert.java:575)
at com.ktpl.testcases.LoginpageTest.CustomerloginTest(LoginpageTest.java:56)
at sun.reflect.NativeMethodAccessorImpl.invoke0(Native Method)
at sun.reflect.NativeMethodAccessorImpl.invoke(Unknown Source)
at sun.reflect.DelegatingMethodAccessorImpl.invoke(Unknown Source)
at java.lang.reflect.Method.invoke(Unknown Source)
at org.testng.internal.MethodInvocationHelper.invokeMethod(MethodInvocationHelper.java:133)
at org.testng.internal.TestInvoker.invokeMethod(TestInvoker.java:584)
at org.testng.internal.TestInvoker.invokeTestMethod(TestInvoker.java:172)
at org.testng.internal.MethodRunner.runInSequence(MethodRunner.java:46)
at org.testng.internal.TestInvoker$MethodInvocationAgent.invoke(TestInvoker.java:804)
at org.testng.internal.TestInvoker.invokeTestMethods(TestInvoker.java:145)
at org.testng.internal.TestMethodWorker.invokeTestMethods(TestMethodWorker.java:146)
at org.testng.internal.TestMethodWorker.run(TestMethodWorker.java:128)
at java.util.ArrayList.forEach(Unknown Source)
at org.testng.TestRunner.privateRun(TestRunner.java:770)
at org.testng.TestRunner.run(TestRunner.java:591)
at org.testng.SuiteRunner.runTest(SuiteRunner.java:402)
at org.testng.SuiteRunner.access$000(SuiteRunner.java:41)
at org.testng.SuiteRunner$SuiteWorker.run(SuiteRunner.java:443)
at org.testng.internal.thread.ThreadUtil.lambda$execute$0(ThreadUtil.java:67)
at java.util.concurrent.FutureTask.run(Unknown Source)
at java.util.concurrent.ThreadPoolExecutor.runWorker(Unknown Source)
at java.util.concurrent.ThreadPoolExecutor$Worker.run(Unknown Source)
at java.lang.Thread.run(Unknown Source)
]]>
            </full-stacktrace>
          </exception> <!-- java.lang.AssertionError -->
          <reporter-output>
          </reporter-output>
        </test-method> <!-- CustomerloginTest -->
        <test-method status="PASS" signature="extentteardown(org.testng.ITestResult)[pri:0, instance:com.ktpl.testcases.LoginpageTest@30b8a058]" name="extentteardown" is-config="true" duration-ms="1976" started-at="2020-06-26T13:43:55 IST" finished-at="2020-06-26T13:43:57 IST">
          <params>
            <param index="0">
              <value>
                <![CDATA[[TestResult name=CustomerloginTest status=FAILURE method=LoginpageTest.CustomerloginTest()[pri:2, instance:com.ktpl.testcases.LoginpageTest@30b8a058] output={null}]]]>
              </value>
            </param>
          </params>
          <reporter-output>
          </reporter-output>
        </test-method> <!-- extentteardown -->
        <test-method status="PASS" signature="initiate()[pri:0, instance:com.ktpl.testcases.LoginpageTest@30b8a058]" name="initiate" is-config="true" duration-ms="19154" started-at="2020-06-26T13:43:57 IST" finished-at="2020-06-26T13:44:16 IST">
          <reporter-output>
          </reporter-output>
        </test-method> <!-- initiate -->
        <test-method status="PASS" signature="forgotpasswordlinkTest()[pri:3, instance:com.ktpl.testcases.LoginpageTest@30b8a058]" name="forgotpasswordlinkTest" duration-ms="5374" started-at="2020-06-26T13:44:16 IST" finished-at="2020-06-26T13:44:22 IST">
          <reporter-output>
          </reporter-output>
        </test-method> <!-- forgotpasswordlinkTest -->
        <test-method status="PASS" signature="extentteardown(org.testng.ITestResult)[pri:0, instance:com.ktpl.testcases.LoginpageTest@30b8a058]" name="extentteardown" is-config="true" duration-ms="2560" started-at="2020-06-26T13:44:22 IST" finished-at="2020-06-26T13:44:24 IST">
          <params>
            <param index="0">
              <value>
                <![CDATA[[TestResult name=forgotpasswordlinkTest status=SUCCESS method=LoginpageTest.forgotpasswordlinkTest()[pri:3, instance:com.ktpl.testcases.LoginpageTest@30b8a058] output={null}]]]>
              </value>
            </param>
          </params>
          <reporter-output>
          </reporter-output>
        </test-method> <!-- extentteardown -->
        <test-method status="PASS" signature="initiate()[pri:0, instance:com.ktpl.testcases.LoginpageTest@30b8a058]" name="initiate" is-config="true" duration-ms="17538" started-at="2020-06-26T13:44:24 IST" finished-at="2020-06-26T13:44:42 IST">
          <reporter-output>
          </reporter-output>
        </test-method> <!-- initiate -->
        <test-method status="PASS" signature="CreateaccountlinkTest()[pri:4, instance:com.ktpl.testcases.LoginpageTest@30b8a058]" name="CreateaccountlinkTest" duration-ms="2514" started-at="2020-06-26T13:44:42 IST" finished-at="2020-06-26T13:44:44 IST">
          <reporter-output>
          </reporter-output>
        </test-method> <!-- CreateaccountlinkTest -->
        <test-method status="PASS" signature="extentteardown(org.testng.ITestResult)[pri:0, instance:com.ktpl.testcases.LoginpageTest@30b8a058]" name="extentteardown" is-config="true" duration-ms="2097" started-at="2020-06-26T13:44:44 IST" finished-at="2020-06-26T13:44:47 IST">
          <params>
            <param index="0">
              <value>
                <![CDATA[[TestResult name=CreateaccountlinkTest status=SUCCESS method=LoginpageTest.CreateaccountlinkTest()[pri:4, instance:com.ktpl.testcases.LoginpageTest@30b8a058] output={null}]]]>
              </value>
            </param>
          </params>
          <reporter-output>
          </reporter-output>
        </test-method> <!-- extentteardown -->
      </class> <!-- com.ktpl.testcases.LoginpageTest -->
    </test> <!-- LoginpageTest -->
    <test name="HeadersectionTest" duration-ms="23855" started-at="2020-06-26T13:44:47 IST" finished-at="2020-06-26T13:45:10 IST">
      <class name="com.ktpl.testcases.HeadersectionTest">
        <test-method status="PASS" signature="initiate()[pri:0, instance:com.ktpl.testcases.HeadersectionTest@1e965684]" name="initiate" is-config="true" duration-ms="22793" started-at="2020-06-26T13:44:47 IST" finished-at="2020-06-26T13:45:09 IST">
          <reporter-output>
          </reporter-output>
        </test-method> <!-- initiate -->
        <test-method status="PASS" signature="storelogotest()[pri:1, instance:com.ktpl.testcases.HeadersectionTest@1e965684]" name="storelogotest" duration-ms="199" started-at="2020-06-26T13:45:09 IST" finished-at="2020-06-26T13:45:10 IST">
          <reporter-output>
          </reporter-output>
        </test-method> <!-- storelogotest -->
        <test-method status="PASS" signature="extentteardown(org.testng.ITestResult)[pri:0, instance:com.ktpl.testcases.HeadersectionTest@1e965684]" name="extentteardown" is-config="true" duration-ms="2" started-at="2020-06-26T13:45:10 IST" finished-at="2020-06-26T13:45:10 IST">
          <params>
            <param index="0">
              <value>
                <![CDATA[[TestResult name=storelogotest status=SUCCESS method=HeadersectionTest.storelogotest()[pri:1, instance:com.ktpl.testcases.HeadersectionTest@1e965684] output={null}]]]>
              </value>
            </param>
          </params>
          <reporter-output>
          </reporter-output>
        </test-method> <!-- extentteardown -->
        <test-method status="PASS" signature="MyaccounticonTest()[pri:3, instance:com.ktpl.testcases.HeadersectionTest@1e965684]" name="MyaccounticonTest" duration-ms="201" started-at="2020-06-26T13:45:10 IST" finished-at="2020-06-26T13:45:10 IST">
          <reporter-output>
          </reporter-output>
        </test-method> <!-- MyaccounticonTest -->
        <test-method status="PASS" signature="teardown()[pri:0, instance:com.ktpl.testcases.HeadersectionTest@1e965684]" name="teardown" is-config="true" duration-ms="644" started-at="2020-06-26T13:45:10 IST" finished-at="2020-06-26T13:45:10 IST">
          <reporter-output>
          </reporter-output>
        </test-method> <!-- teardown -->
        <test-method status="PASS" signature="extentteardown(org.testng.ITestResult)[pri:0, instance:com.ktpl.testcases.HeadersectionTest@1e965684]" name="extentteardown" is-config="true" duration-ms="0" started-at="2020-06-26T13:45:10 IST" finished-at="2020-06-26T13:45:10 IST">
          <params>
            <param index="0">
              <value>
                <![CDATA[[TestResult name=MyaccounticonTest status=SUCCESS method=HeadersectionTest.MyaccounticonTest()[pri:3, instance:com.ktpl.testcases.HeadersectionTest@1e965684] output={null}]]]>
              </value>
            </param>
          </params>
          <reporter-output>
          </reporter-output>
        </test-method> <!-- extentteardown -->
      </class> <!-- com.ktpl.testcases.HeadersectionTest -->
    </test> <!-- HeadersectionTest -->
  </suite> <!-- IDSTestsuite -->
</testng-results>
