<?xml version="1.0" encoding="UTF-8"?>
<testng-results skipped="0" failed="2" ignored="0" total="7" passed="5">
  <reporter-output>
  </reporter-output>
  <suite name="FashiongoTestsuite" duration-ms="145932" started-at="2020-02-26T20:02:00 IST" finished-at="2020-02-26T20:04:26 IST">
    <groups>
    </groups>
    <test name="LoginpageTest" duration-ms="104556" started-at="2020-02-26T20:02:00 IST" finished-at="2020-02-26T20:03:45 IST">
      <class name="com.ktpl.testcases.LoginpageTest">
        <test-method status="PASS" signature="initiateextentreports()[pri:0, instance:com.ktpl.testcases.LoginpageTest@30b8a058]" name="initiateextentreports" is-config="true" duration-ms="237" started-at="2020-02-26T20:02:00 IST" finished-at="2020-02-26T20:02:01 IST">
          <reporter-output>
          </reporter-output>
        </test-method> <!-- initiateextentreports -->
        <test-method status="PASS" signature="initiate()[pri:0, instance:com.ktpl.testcases.LoginpageTest@30b8a058]" name="initiate" is-config="true" duration-ms="27774" started-at="2020-02-26T20:02:01 IST" finished-at="2020-02-26T20:02:28 IST">
          <reporter-output>
          </reporter-output>
        </test-method> <!-- initiate -->
        <test-method status="PASS" signature="LoginpagetitleTest()[pri:1, instance:com.ktpl.testcases.LoginpageTest@30b8a058]" name="LoginpagetitleTest" duration-ms="748" started-at="2020-02-26T20:02:28 IST" finished-at="2020-02-26T20:02:29 IST">
          <reporter-output>
          </reporter-output>
        </test-method> <!-- LoginpagetitleTest -->
        <test-method status="PASS" signature="extentteardown(org.testng.ITestResult)[pri:0, instance:com.ktpl.testcases.LoginpageTest@30b8a058]" name="extentteardown" is-config="true" duration-ms="1413" started-at="2020-02-26T20:02:29 IST" finished-at="2020-02-26T20:02:31 IST">
          <params>
            <param index="0">
              <value>
                <![CDATA[[TestResult name=LoginpagetitleTest status=SUCCESS method=LoginpageTest.LoginpagetitleTest()[pri:1, instance:com.ktpl.testcases.LoginpageTest@30b8a058] output={null}]]]>
              </value>
            </param>
          </params>
          <reporter-output>
          </reporter-output>
        </test-method> <!-- extentteardown -->
        <test-method status="PASS" signature="initiate()[pri:0, instance:com.ktpl.testcases.LoginpageTest@30b8a058]" name="initiate" is-config="true" duration-ms="23060" started-at="2020-02-26T20:02:31 IST" finished-at="2020-02-26T20:02:54 IST">
          <reporter-output>
          </reporter-output>
        </test-method> <!-- initiate -->
        <test-method status="FAIL" signature="CustomerloginTest()[pri:2, instance:com.ktpl.testcases.LoginpageTest@30b8a058]" name="CustomerloginTest" duration-ms="684" started-at="2020-02-26T20:02:54 IST" finished-at="2020-02-26T20:02:54 IST">
          <exception class="java.lang.AssertionError">
            <message>
              <![CDATA[login is not sucessfull expected [Home Page] but found [Customer Login]]]>
            </message>
            <full-stacktrace>
              <![CDATA[java.lang.AssertionError: login is not sucessfull expected [Home Page] but found [Customer Login]
at org.testng.Assert.fail(Assert.java:97)
at org.testng.Assert.assertEqualsImpl(Assert.java:136)
at org.testng.Assert.assertEquals(Assert.java:118)
at org.testng.Assert.assertEquals(Assert.java:575)
at com.ktpl.testcases.LoginpageTest.CustomerloginTest(LoginpageTest.java:54)
at sun.reflect.NativeMethodAccessorImpl.invoke0(Native Method)
at sun.reflect.NativeMethodAccessorImpl.invoke(Unknown Source)
at sun.reflect.DelegatingMethodAccessorImpl.invoke(Unknown Source)
at java.lang.reflect.Method.invoke(Unknown Source)
at org.testng.internal.MethodInvocationHelper.invokeMethod(MethodInvocationHelper.java:133)
at org.testng.internal.TestInvoker.invokeMethod(TestInvoker.java:584)
at org.testng.internal.TestInvoker.invokeTestMethod(TestInvoker.java:172)
at org.testng.internal.MethodRunner.runInSequence(MethodRunner.java:46)
at org.testng.internal.TestInvoker$MethodInvocationAgent.invoke(TestInvoker.java:804)
at org.testng.internal.TestInvoker.invokeTestMethods(TestInvoker.java:145)
at org.testng.internal.TestMethodWorker.invokeTestMethods(TestMethodWorker.java:146)
at org.testng.internal.TestMethodWorker.run(TestMethodWorker.java:128)
at java.util.ArrayList.forEach(Unknown Source)
at org.testng.TestRunner.privateRun(TestRunner.java:770)
at org.testng.TestRunner.run(TestRunner.java:591)
at org.testng.SuiteRunner.runTest(SuiteRunner.java:402)
at org.testng.SuiteRunner.access$000(SuiteRunner.java:41)
at org.testng.SuiteRunner$SuiteWorker.run(SuiteRunner.java:443)
at org.testng.internal.thread.ThreadUtil.lambda$execute$0(ThreadUtil.java:67)
at java.util.concurrent.FutureTask.run(Unknown Source)
at java.util.concurrent.ThreadPoolExecutor.runWorker(Unknown Source)
at java.util.concurrent.ThreadPoolExecutor$Worker.run(Unknown Source)
at java.lang.Thread.run(Unknown Source)
]]>
            </full-stacktrace>
          </exception> <!-- java.lang.AssertionError -->
          <reporter-output>
          </reporter-output>
        </test-method> <!-- CustomerloginTest -->
        <test-method status="PASS" signature="extentteardown(org.testng.ITestResult)[pri:0, instance:com.ktpl.testcases.LoginpageTest@30b8a058]" name="extentteardown" is-config="true" duration-ms="1756" started-at="2020-02-26T20:02:54 IST" finished-at="2020-02-26T20:02:56 IST">
          <params>
            <param index="0">
              <value>
                <![CDATA[[TestResult name=CustomerloginTest status=FAILURE method=LoginpageTest.CustomerloginTest()[pri:2, instance:com.ktpl.testcases.LoginpageTest@30b8a058] output={null}]]]>
              </value>
            </param>
          </params>
          <reporter-output>
          </reporter-output>
        </test-method> <!-- extentteardown -->
        <test-method status="PASS" signature="initiate()[pri:0, instance:com.ktpl.testcases.LoginpageTest@30b8a058]" name="initiate" is-config="true" duration-ms="19547" started-at="2020-02-26T20:02:56 IST" finished-at="2020-02-26T20:03:16 IST">
          <reporter-output>
          </reporter-output>
        </test-method> <!-- initiate -->
        <test-method status="PASS" signature="forgotpasswordlinkTest()[pri:3, instance:com.ktpl.testcases.LoginpageTest@30b8a058]" name="forgotpasswordlinkTest" duration-ms="2882" started-at="2020-02-26T20:03:16 IST" finished-at="2020-02-26T20:03:19 IST">
          <reporter-output>
          </reporter-output>
        </test-method> <!-- forgotpasswordlinkTest -->
        <test-method status="PASS" signature="extentteardown(org.testng.ITestResult)[pri:0, instance:com.ktpl.testcases.LoginpageTest@30b8a058]" name="extentteardown" is-config="true" duration-ms="1371" started-at="2020-02-26T20:03:19 IST" finished-at="2020-02-26T20:03:20 IST">
          <params>
            <param index="0">
              <value>
                <![CDATA[[TestResult name=forgotpasswordlinkTest status=SUCCESS method=LoginpageTest.forgotpasswordlinkTest()[pri:3, instance:com.ktpl.testcases.LoginpageTest@30b8a058] output={null}]]]>
              </value>
            </param>
          </params>
          <reporter-output>
          </reporter-output>
        </test-method> <!-- extentteardown -->
        <test-method status="PASS" signature="initiate()[pri:0, instance:com.ktpl.testcases.LoginpageTest@30b8a058]" name="initiate" is-config="true" duration-ms="22387" started-at="2020-02-26T20:03:20 IST" finished-at="2020-02-26T20:03:42 IST">
          <reporter-output>
          </reporter-output>
        </test-method> <!-- initiate -->
        <test-method status="FAIL" signature="CreateaccountlinkTest()[pri:4, instance:com.ktpl.testcases.LoginpageTest@30b8a058]" name="CreateaccountlinkTest" duration-ms="1125" started-at="2020-02-26T20:03:42 IST" finished-at="2020-02-26T20:03:43 IST">
          <exception class="org.openqa.selenium.ElementClickInterceptedException">
            <message>
              <![CDATA[element click intercepted: Element <a href="https://fashiongo.solution.magentoprojects.net/customer/account/create/" class="action create primary">...</a> is not clickable at point (823, 568). Other element would receive the click: <div class="modal-inner-wrap" data-role="focusable-scope">...</div>
  (Session info: chrome=79.0.3945.130)
Build info: version: '3.141.59', revision: 'e82be7d358', time: '2018-11-14T08:17:03'
System info: host: 'RAMMOHANN-PC', ip: '10.16.16.203', os.name: 'Windows 10', os.arch: 'amd64', os.version: '10.0', java.version: '1.8.0_72'
Driver info: org.openqa.selenium.chrome.ChromeDriver
Capabilities {acceptInsecureCerts: false, browserName: chrome, browserVersion: 79.0.3945.130, chrome: {chromedriverVersion: 79.0.3945.36 (3582db32b3389..., userDataDir: C:\Users\RAMMOH~1.NIM\AppDa...}, goog:chromeOptions: {debuggerAddress: localhost:50241}, javascriptEnabled: true, networkConnectionEnabled: false, pageLoadStrategy: normal, platform: WINDOWS, platformName: WINDOWS, proxy: Proxy(), setWindowRect: true, strictFileInteractability: false, timeouts: {implicit: 0, pageLoad: 300000, script: 30000}, unhandledPromptBehavior: dismiss and notify}
Session ID: 2f5c996603e4931cf83f980ed4d6c5e0]]>
            </message>
            <full-stacktrace>
              <![CDATA[org.openqa.selenium.ElementClickInterceptedException: element click intercepted: Element <a href="https://fashiongo.solution.magentoprojects.net/customer/account/create/" class="action create primary">...</a> is not clickable at point (823, 568). Other element would receive the click: <div class="modal-inner-wrap" data-role="focusable-scope">...</div>
  (Session info: chrome=79.0.3945.130)
Build info: version: '3.141.59', revision: 'e82be7d358', time: '2018-11-14T08:17:03'
System info: host: 'RAMMOHANN-PC', ip: '10.16.16.203', os.name: 'Windows 10', os.arch: 'amd64', os.version: '10.0', java.version: '1.8.0_72'
Driver info: org.openqa.selenium.chrome.ChromeDriver
Capabilities {acceptInsecureCerts: false, browserName: chrome, browserVersion: 79.0.3945.130, chrome: {chromedriverVersion: 79.0.3945.36 (3582db32b3389..., userDataDir: C:\Users\RAMMOH~1.NIM\AppDa...}, goog:chromeOptions: {debuggerAddress: localhost:50241}, javascriptEnabled: true, networkConnectionEnabled: false, pageLoadStrategy: normal, platform: WINDOWS, platformName: WINDOWS, proxy: Proxy(), setWindowRect: true, strictFileInteractability: false, timeouts: {implicit: 0, pageLoad: 300000, script: 30000}, unhandledPromptBehavior: dismiss and notify}
Session ID: 2f5c996603e4931cf83f980ed4d6c5e0
at sun.reflect.NativeConstructorAccessorImpl.newInstance0(Native Method)
at sun.reflect.NativeConstructorAccessorImpl.newInstance(Unknown Source)
at sun.reflect.DelegatingConstructorAccessorImpl.newInstance(Unknown Source)
at java.lang.reflect.Constructor.newInstance(Unknown Source)
at org.openqa.selenium.remote.http.W3CHttpResponseCodec.createException(W3CHttpResponseCodec.java:187)
at org.openqa.selenium.remote.http.W3CHttpResponseCodec.decode(W3CHttpResponseCodec.java:122)
at org.openqa.selenium.remote.http.W3CHttpResponseCodec.decode(W3CHttpResponseCodec.java:49)
at org.openqa.selenium.remote.HttpCommandExecutor.execute(HttpCommandExecutor.java:158)
at org.openqa.selenium.remote.service.DriverCommandExecutor.execute(DriverCommandExecutor.java:83)
at org.openqa.selenium.remote.RemoteWebDriver.execute(RemoteWebDriver.java:552)
at org.openqa.selenium.remote.RemoteWebElement.execute(RemoteWebElement.java:285)
at org.openqa.selenium.remote.RemoteWebElement.click(RemoteWebElement.java:84)
at sun.reflect.NativeMethodAccessorImpl.invoke0(Native Method)
at sun.reflect.NativeMethodAccessorImpl.invoke(Unknown Source)
at sun.reflect.DelegatingMethodAccessorImpl.invoke(Unknown Source)
at java.lang.reflect.Method.invoke(Unknown Source)
at org.openqa.selenium.support.pagefactory.internal.LocatingElementHandler.invoke(LocatingElementHandler.java:51)
at com.sun.proxy.$Proxy11.click(Unknown Source)
at com.ktpl.pages.Loginpage.clickonCreateAccountLink(Loginpage.java:37)
at com.ktpl.testcases.LoginpageTest.CreateaccountlinkTest(LoginpageTest.java:70)
at sun.reflect.NativeMethodAccessorImpl.invoke0(Native Method)
at sun.reflect.NativeMethodAccessorImpl.invoke(Unknown Source)
at sun.reflect.DelegatingMethodAccessorImpl.invoke(Unknown Source)
at java.lang.reflect.Method.invoke(Unknown Source)
at org.testng.internal.MethodInvocationHelper.invokeMethod(MethodInvocationHelper.java:133)
at org.testng.internal.TestInvoker.invokeMethod(TestInvoker.java:584)
at org.testng.internal.TestInvoker.invokeTestMethod(TestInvoker.java:172)
at org.testng.internal.MethodRunner.runInSequence(MethodRunner.java:46)
at org.testng.internal.TestInvoker$MethodInvocationAgent.invoke(TestInvoker.java:804)
at org.testng.internal.TestInvoker.invokeTestMethods(TestInvoker.java:145)
at org.testng.internal.TestMethodWorker.invokeTestMethods(TestMethodWorker.java:146)
at org.testng.internal.TestMethodWorker.run(TestMethodWorker.java:128)
at java.util.ArrayList.forEach(Unknown Source)
at org.testng.TestRunner.privateRun(TestRunner.java:770)
at org.testng.TestRunner.run(TestRunner.java:591)
at org.testng.SuiteRunner.runTest(SuiteRunner.java:402)
at org.testng.SuiteRunner.access$000(SuiteRunner.java:41)
at org.testng.SuiteRunner$SuiteWorker.run(SuiteRunner.java:443)
at org.testng.internal.thread.ThreadUtil.lambda$execute$0(ThreadUtil.java:67)
at java.util.concurrent.FutureTask.run(Unknown Source)
at java.util.concurrent.ThreadPoolExecutor.runWorker(Unknown Source)
at java.util.concurrent.ThreadPoolExecutor$Worker.run(Unknown Source)
at java.lang.Thread.run(Unknown Source)
]]>
            </full-stacktrace>
          </exception> <!-- org.openqa.selenium.ElementClickInterceptedException -->
          <reporter-output>
          </reporter-output>
        </test-method> <!-- CreateaccountlinkTest -->
        <test-method status="PASS" signature="extentteardown(org.testng.ITestResult)[pri:0, instance:com.ktpl.testcases.LoginpageTest@30b8a058]" name="extentteardown" is-config="true" duration-ms="1493" started-at="2020-02-26T20:03:43 IST" finished-at="2020-02-26T20:03:45 IST">
          <params>
            <param index="0">
              <value>
                <![CDATA[[TestResult name=CreateaccountlinkTest status=FAILURE method=LoginpageTest.CreateaccountlinkTest()[pri:4, instance:com.ktpl.testcases.LoginpageTest@30b8a058] output={null}]]]>
              </value>
            </param>
          </params>
          <reporter-output>
          </reporter-output>
        </test-method> <!-- extentteardown -->
      </class> <!-- com.ktpl.testcases.LoginpageTest -->
    </test> <!-- LoginpageTest -->
    <test name="HeadersectionTest" duration-ms="41212" started-at="2020-02-26T20:03:45 IST" finished-at="2020-02-26T20:04:26 IST">
      <class name="com.ktpl.testcases.HeadersectionTest">
        <test-method status="PASS" signature="initiate()[pri:0, instance:com.ktpl.testcases.HeadersectionTest@167fdd33]" name="initiate" is-config="true" duration-ms="40546" started-at="2020-02-26T20:03:45 IST" finished-at="2020-02-26T20:04:26 IST">
          <reporter-output>
          </reporter-output>
        </test-method> <!-- initiate -->
        <test-method status="PASS" signature="storelogotest()[pri:1, instance:com.ktpl.testcases.HeadersectionTest@167fdd33]" name="storelogotest" duration-ms="343" started-at="2020-02-26T20:04:26 IST" finished-at="2020-02-26T20:04:26 IST">
          <reporter-output>
          </reporter-output>
        </test-method> <!-- storelogotest -->
        <test-method status="PASS" signature="extentteardown(org.testng.ITestResult)[pri:0, instance:com.ktpl.testcases.HeadersectionTest@167fdd33]" name="extentteardown" is-config="true" duration-ms="1" started-at="2020-02-26T20:04:26 IST" finished-at="2020-02-26T20:04:26 IST">
          <params>
            <param index="0">
              <value>
                <![CDATA[[TestResult name=storelogotest status=SUCCESS method=HeadersectionTest.storelogotest()[pri:1, instance:com.ktpl.testcases.HeadersectionTest@167fdd33] output={null}]]]>
              </value>
            </param>
          </params>
          <reporter-output>
          </reporter-output>
        </test-method> <!-- extentteardown -->
        <test-method status="PASS" signature="hearderpromotextTest()[pri:2, instance:com.ktpl.testcases.HeadersectionTest@167fdd33]" name="hearderpromotextTest" duration-ms="111" started-at="2020-02-26T20:04:26 IST" finished-at="2020-02-26T20:04:26 IST">
          <reporter-output>
          </reporter-output>
        </test-method> <!-- hearderpromotextTest -->
        <test-method status="PASS" signature="extentteardown(org.testng.ITestResult)[pri:0, instance:com.ktpl.testcases.HeadersectionTest@167fdd33]" name="extentteardown" is-config="true" duration-ms="3" started-at="2020-02-26T20:04:26 IST" finished-at="2020-02-26T20:04:26 IST">
          <params>
            <param index="0">
              <value>
                <![CDATA[[TestResult name=hearderpromotextTest status=SUCCESS method=HeadersectionTest.hearderpromotextTest()[pri:2, instance:com.ktpl.testcases.HeadersectionTest@167fdd33] output={null}]]]>
              </value>
            </param>
          </params>
          <reporter-output>
          </reporter-output>
        </test-method> <!-- extentteardown -->
        <test-method status="PASS" signature="MyaccounticonTest()[pri:3, instance:com.ktpl.testcases.HeadersectionTest@167fdd33]" name="MyaccounticonTest" duration-ms="166" started-at="2020-02-26T20:04:26 IST" finished-at="2020-02-26T20:04:26 IST">
          <reporter-output>
          </reporter-output>
        </test-method> <!-- MyaccounticonTest -->
        <test-method status="PASS" signature="extentteardown(org.testng.ITestResult)[pri:0, instance:com.ktpl.testcases.HeadersectionTest@167fdd33]" name="extentteardown" is-config="true" duration-ms="12" started-at="2020-02-26T20:04:26 IST" finished-at="2020-02-26T20:04:26 IST">
          <params>
            <param index="0">
              <value>
                <![CDATA[[TestResult name=MyaccounticonTest status=SUCCESS method=HeadersectionTest.MyaccounticonTest()[pri:3, instance:com.ktpl.testcases.HeadersectionTest@167fdd33] output={null}]]]>
              </value>
            </param>
          </params>
          <reporter-output>
          </reporter-output>
        </test-method> <!-- extentteardown -->
      </class> <!-- com.ktpl.testcases.HeadersectionTest -->
    </test> <!-- HeadersectionTest -->
  </suite> <!-- FashiongoTestsuite -->
</testng-results>
