<?xml version="1.0" encoding="UTF-8"?>
<!-- Generated by org.testng.reporters.JUnitXMLReporter -->
<testsuite hostname="RammohanN-PC" ignored="0" name="HeadersectionTest" tests="3" failures="0" timestamp="2020-02-26T20:04:26 IST" time="41.212" errors="0">
  <testcase name="storelogotest" time="0.343" classname="com.ktpl.testcases.HeadersectionTest"/>
  <testcase name="hearderpromotextTest" time="0.111" classname="com.ktpl.testcases.HeadersectionTest"/>
  <testcase name="MyaccounticonTest" time="0.166" classname="com.ktpl.testcases.HeadersectionTest"/>
</testsuite> <!-- HeadersectionTest -->
